0 info it worked if it ends with ok
1 verbose cli [ 'C:\\Program Files\\nodejs\\node.exe',
1 verbose cli   'C:\\Program Files\\nodejs\\node_modules\\npm\\bin\\npm-cli.js',
1 verbose cli   'install',
1 verbose cli   '-SAVE',
1 verbose cli   'net-ping' ]
2 info using npm@3.10.10
3 info using node@v6.10.0
4 silly loadCurrentTree Starting
5 silly install loadCurrentTree
6 silly install readLocalPackageData
7 silly fetchPackageMetaData net-ping
8 silly fetchNamedPackageData net-ping
9 silly mapToRegistry name net-ping
10 silly mapToRegistry using default registry
11 silly mapToRegistry registry https://registry.npmjs.org/
12 silly mapToRegistry data Result {
12 silly mapToRegistry   raw: 'net-ping',
12 silly mapToRegistry   scope: null,
12 silly mapToRegistry   escapedName: 'net-ping',
12 silly mapToRegistry   name: 'net-ping',
12 silly mapToRegistry   rawSpec: '',
12 silly mapToRegistry   spec: 'latest',
12 silly mapToRegistry   type: 'tag' }
13 silly mapToRegistry uri https://registry.npmjs.org/net-ping
14 verbose request uri https://registry.npmjs.org/net-ping
15 verbose request no auth needed
16 info attempt registry request try #1 at 6:57:49 PM
17 verbose request id 6fbc19f056b02acd
18 verbose etag W/"56d45630-9572"
19 verbose lastModified Mon, 29 Feb 2016 14:31:12 GMT
20 http request GET https://registry.npmjs.org/net-ping
21 http 304 https://registry.npmjs.org/net-ping
22 verbose headers { date: 'Tue, 14 Mar 2017 23:57:49 GMT',
22 verbose headers   via: '1.1 varnish',
22 verbose headers   'cache-control': 'max-age=300',
22 verbose headers   etag: 'W/"56d45630-9572"',
22 verbose headers   age: '0',
22 verbose headers   connection: 'keep-alive',
22 verbose headers   'x-served-by': 'cache-ord1727-ORD',
22 verbose headers   'x-cache': 'MISS',
22 verbose headers   'x-cache-hits': '0',
22 verbose headers   'x-timer': 'S1489535869.238641,VS0,VE122',
22 verbose headers   vary: 'Accept-Encoding' }
23 silly get cb [ 304,
23 silly get   { date: 'Tue, 14 Mar 2017 23:57:49 GMT',
23 silly get     via: '1.1 varnish',
23 silly get     'cache-control': 'max-age=300',
23 silly get     etag: 'W/"56d45630-9572"',
23 silly get     age: '0',
23 silly get     connection: 'keep-alive',
23 silly get     'x-served-by': 'cache-ord1727-ORD',
23 silly get     'x-cache': 'MISS',
23 silly get     'x-cache-hits': '0',
23 silly get     'x-timer': 'S1489535869.238641,VS0,VE122',
23 silly get     vary: 'Accept-Encoding' } ]
24 verbose etag https://registry.npmjs.org/net-ping from cache
25 verbose get saving net-ping to C:\Users\Raj\AppData\Roaming\npm-cache\registry.npmjs.org\net-ping\.cache.json
26 verbose correctMkdir C:\Users\Raj\AppData\Roaming\npm-cache correctMkdir not in flight; initializing
27 silly install normalizeTree
28 silly loadCurrentTree Finishing
29 silly loadIdealTree Starting
30 silly install loadIdealTree
31 silly cloneCurrentTree Starting
32 silly install cloneCurrentTreeToIdealTree
33 silly cloneCurrentTree Finishing
34 silly loadShrinkwrap Starting
35 silly install loadShrinkwrap
36 silly loadShrinkwrap Finishing
37 silly loadAllDepsIntoIdealTree Starting
38 silly install loadAllDepsIntoIdealTree
39 silly resolveWithNewModule net-ping@1.2.0 checking installable status
40 silly cache add args [ 'net-ping', null ]
41 verbose cache add spec net-ping
42 silly cache add parsed spec Result {
42 silly cache add   raw: 'net-ping',
42 silly cache add   scope: null,
42 silly cache add   escapedName: 'net-ping',
42 silly cache add   name: 'net-ping',
42 silly cache add   rawSpec: '',
42 silly cache add   spec: 'latest',
42 silly cache add   type: 'tag' }
43 silly addNamed net-ping@latest
44 verbose addNamed "latest" is being treated as a dist-tag for net-ping
45 info addNameTag [ 'net-ping', 'latest' ]
46 silly mapToRegistry name net-ping
47 silly mapToRegistry using default registry
48 silly mapToRegistry registry https://registry.npmjs.org/
49 silly mapToRegistry data Result {
49 silly mapToRegistry   raw: 'net-ping',
49 silly mapToRegistry   scope: null,
49 silly mapToRegistry   escapedName: 'net-ping',
49 silly mapToRegistry   name: 'net-ping',
49 silly mapToRegistry   rawSpec: '',
49 silly mapToRegistry   spec: 'latest',
49 silly mapToRegistry   type: 'tag' }
50 silly mapToRegistry uri https://registry.npmjs.org/net-ping
51 verbose addNameTag registry:https://registry.npmjs.org/net-ping not in flight; fetching
52 verbose get https://registry.npmjs.org/net-ping not expired, no request
53 silly addNameTag next cb for net-ping with tag latest
54 silly addNamed net-ping@1.2.0
55 verbose addNamed "1.2.0" is a plain semver version for net-ping
56 silly cache afterAdd net-ping@1.2.0
57 verbose afterAdd C:\Users\Raj\AppData\Roaming\npm-cache\net-ping\1.2.0\package\package.json not in flight; writing
58 verbose correctMkdir C:\Users\Raj\AppData\Roaming\npm-cache correctMkdir not in flight; initializing
59 verbose afterAdd C:\Users\Raj\AppData\Roaming\npm-cache\net-ping\1.2.0\package\package.json written
60 silly fetchNamedPackageData raw-socket
61 silly mapToRegistry name raw-socket
62 silly mapToRegistry using default registry
63 silly mapToRegistry registry https://registry.npmjs.org/
64 silly mapToRegistry data Result {
64 silly mapToRegistry   raw: 'raw-socket',
64 silly mapToRegistry   scope: null,
64 silly mapToRegistry   escapedName: 'raw-socket',
64 silly mapToRegistry   name: 'raw-socket',
64 silly mapToRegistry   rawSpec: '',
64 silly mapToRegistry   spec: 'latest',
64 silly mapToRegistry   type: 'tag' }
65 silly mapToRegistry uri https://registry.npmjs.org/raw-socket
66 verbose request uri https://registry.npmjs.org/raw-socket
67 verbose request no auth needed
68 info attempt registry request try #1 at 6:57:49 PM
69 verbose etag W/"582c6648-c553"
70 verbose lastModified Wed, 16 Nov 2016 13:59:36 GMT
71 http request GET https://registry.npmjs.org/raw-socket
72 http 304 https://registry.npmjs.org/raw-socket
73 verbose headers { date: 'Tue, 14 Mar 2017 23:57:49 GMT',
73 verbose headers   via: '1.1 varnish',
73 verbose headers   'cache-control': 'max-age=300',
73 verbose headers   etag: 'W/"582c6648-c553"',
73 verbose headers   age: '0',
73 verbose headers   connection: 'keep-alive',
73 verbose headers   'x-served-by': 'cache-ord1727-ORD',
73 verbose headers   'x-cache': 'MISS',
73 verbose headers   'x-cache-hits': '0',
73 verbose headers   'x-timer': 'S1489535869.850283,VS0,VE21',
73 verbose headers   vary: 'Accept-Encoding' }
74 silly get cb [ 304,
74 silly get   { date: 'Tue, 14 Mar 2017 23:57:49 GMT',
74 silly get     via: '1.1 varnish',
74 silly get     'cache-control': 'max-age=300',
74 silly get     etag: 'W/"582c6648-c553"',
74 silly get     age: '0',
74 silly get     connection: 'keep-alive',
74 silly get     'x-served-by': 'cache-ord1727-ORD',
74 silly get     'x-cache': 'MISS',
74 silly get     'x-cache-hits': '0',
74 silly get     'x-timer': 'S1489535869.850283,VS0,VE21',
74 silly get     vary: 'Accept-Encoding' } ]
75 verbose etag https://registry.npmjs.org/raw-socket from cache
76 verbose get saving raw-socket to C:\Users\Raj\AppData\Roaming\npm-cache\registry.npmjs.org\raw-socket\.cache.json
77 verbose correctMkdir C:\Users\Raj\AppData\Roaming\npm-cache correctMkdir not in flight; initializing
78 silly resolveWithNewModule raw-socket@1.5.1 checking installable status
79 silly cache add args [ 'raw-socket@*', null ]
80 verbose cache add spec raw-socket@*
81 silly cache add parsed spec Result {
81 silly cache add   raw: 'raw-socket@*',
81 silly cache add   scope: null,
81 silly cache add   escapedName: 'raw-socket',
81 silly cache add   name: 'raw-socket',
81 silly cache add   rawSpec: '*',
81 silly cache add   spec: '*',
81 silly cache add   type: 'range' }
82 silly addNamed raw-socket@*
83 verbose addNamed "*" is a valid semver range for raw-socket
84 silly addNameRange { name: 'raw-socket', range: '*', hasData: false }
85 silly mapToRegistry name raw-socket
86 silly mapToRegistry using default registry
87 silly mapToRegistry registry https://registry.npmjs.org/
88 silly mapToRegistry data Result {
88 silly mapToRegistry   raw: 'raw-socket',
88 silly mapToRegistry   scope: null,
88 silly mapToRegistry   escapedName: 'raw-socket',
88 silly mapToRegistry   name: 'raw-socket',
88 silly mapToRegistry   rawSpec: '',
88 silly mapToRegistry   spec: 'latest',
88 silly mapToRegistry   type: 'tag' }
89 silly mapToRegistry uri https://registry.npmjs.org/raw-socket
90 verbose addNameRange registry:https://registry.npmjs.org/raw-socket not in flight; fetching
91 verbose get https://registry.npmjs.org/raw-socket not expired, no request
92 silly addNameRange number 2 { name: 'raw-socket', range: '*', hasData: true }
93 silly addNameRange versions [ 'raw-socket',
93 silly addNameRange   [ '1.0.0',
93 silly addNameRange     '1.0.1',
93 silly addNameRange     '1.0.2',
93 silly addNameRange     '1.1.0',
93 silly addNameRange     '1.1.1',
93 silly addNameRange     '1.1.2',
93 silly addNameRange     '1.1.3',
93 silly addNameRange     '1.1.4',
93 silly addNameRange     '1.1.5',
93 silly addNameRange     '1.1.6',
93 silly addNameRange     '1.1.7',
93 silly addNameRange     '1.2.0',
93 silly addNameRange     '1.2.1',
93 silly addNameRange     '1.2.2',
93 silly addNameRange     '1.3.0',
93 silly addNameRange     '1.3.1',
93 silly addNameRange     '1.3.2',
93 silly addNameRange     '1.3.3',
93 silly addNameRange     '1.4.0',
93 silly addNameRange     '1.5.0',
93 silly addNameRange     '1.5.1' ] ]
94 silly addNamed raw-socket@1.5.1
95 verbose addNamed "1.5.1" is a plain semver version for raw-socket
96 silly cache afterAdd raw-socket@1.5.1
97 verbose afterAdd C:\Users\Raj\AppData\Roaming\npm-cache\raw-socket\1.5.1\package\package.json not in flight; writing
98 verbose correctMkdir C:\Users\Raj\AppData\Roaming\npm-cache correctMkdir not in flight; initializing
99 verbose afterAdd C:\Users\Raj\AppData\Roaming\npm-cache\raw-socket\1.5.1\package\package.json written
100 silly fetchNamedPackageData nan
101 silly mapToRegistry name nan
102 silly mapToRegistry using default registry
103 silly mapToRegistry registry https://registry.npmjs.org/
104 silly mapToRegistry data Result {
104 silly mapToRegistry   raw: 'nan',
104 silly mapToRegistry   scope: null,
104 silly mapToRegistry   escapedName: 'nan',
104 silly mapToRegistry   name: 'nan',
104 silly mapToRegistry   rawSpec: '',
104 silly mapToRegistry   spec: 'latest',
104 silly mapToRegistry   type: 'tag' }
105 silly mapToRegistry uri https://registry.npmjs.org/nan
106 verbose request uri https://registry.npmjs.org/nan
107 verbose request no auth needed
108 info attempt registry request try #1 at 6:57:49 PM
109 verbose etag W/"58a44b6b-1df62"
110 verbose lastModified Wed, 15 Feb 2017 12:36:59 GMT
111 http request GET https://registry.npmjs.org/nan
112 http 304 https://registry.npmjs.org/nan
113 verbose headers { date: 'Tue, 14 Mar 2017 23:57:50 GMT',
113 verbose headers   via: '1.1 varnish',
113 verbose headers   'cache-control': 'max-age=300',
113 verbose headers   etag: 'W/"58a44b6b-1df62"',
113 verbose headers   age: '5',
113 verbose headers   connection: 'keep-alive',
113 verbose headers   'x-served-by': 'cache-ord1727-ORD',
113 verbose headers   'x-cache': 'HIT',
113 verbose headers   'x-cache-hits': '1',
113 verbose headers   'x-timer': 'S1489535870.002923,VS0,VE0',
113 verbose headers   vary: 'Accept-Encoding' }
114 silly get cb [ 304,
114 silly get   { date: 'Tue, 14 Mar 2017 23:57:50 GMT',
114 silly get     via: '1.1 varnish',
114 silly get     'cache-control': 'max-age=300',
114 silly get     etag: 'W/"58a44b6b-1df62"',
114 silly get     age: '5',
114 silly get     connection: 'keep-alive',
114 silly get     'x-served-by': 'cache-ord1727-ORD',
114 silly get     'x-cache': 'HIT',
114 silly get     'x-cache-hits': '1',
114 silly get     'x-timer': 'S1489535870.002923,VS0,VE0',
114 silly get     vary: 'Accept-Encoding' } ]
115 verbose etag https://registry.npmjs.org/nan from cache
116 verbose get saving nan to C:\Users\Raj\AppData\Roaming\npm-cache\registry.npmjs.org\nan\.cache.json
117 verbose correctMkdir C:\Users\Raj\AppData\Roaming\npm-cache correctMkdir not in flight; initializing
118 silly resolveWithNewModule nan@2.3.5 checking installable status
119 silly cache add args [ 'nan@2.3.*', null ]
120 verbose cache add spec nan@2.3.*
121 silly cache add parsed spec Result {
121 silly cache add   raw: 'nan@2.3.*',
121 silly cache add   scope: null,
121 silly cache add   escapedName: 'nan',
121 silly cache add   name: 'nan',
121 silly cache add   rawSpec: '2.3.*',
121 silly cache add   spec: '>=2.3.0 <2.4.0',
121 silly cache add   type: 'range' }
122 silly addNamed nan@>=2.3.0 <2.4.0
123 verbose addNamed ">=2.3.0 <2.4.0" is a valid semver range for nan
124 silly addNameRange { name: 'nan', range: '>=2.3.0 <2.4.0', hasData: false }
125 silly mapToRegistry name nan
126 silly mapToRegistry using default registry
127 silly mapToRegistry registry https://registry.npmjs.org/
128 silly mapToRegistry data Result {
128 silly mapToRegistry   raw: 'nan',
128 silly mapToRegistry   scope: null,
128 silly mapToRegistry   escapedName: 'nan',
128 silly mapToRegistry   name: 'nan',
128 silly mapToRegistry   rawSpec: '',
128 silly mapToRegistry   spec: 'latest',
128 silly mapToRegistry   type: 'tag' }
129 silly mapToRegistry uri https://registry.npmjs.org/nan
130 verbose addNameRange registry:https://registry.npmjs.org/nan not in flight; fetching
131 verbose get https://registry.npmjs.org/nan not expired, no request
132 silly addNameRange number 2 { name: 'nan', range: '>=2.3.0 <2.4.0', hasData: true }
133 silly addNameRange versions [ 'nan',
133 silly addNameRange   [ '0.3.0-wip',
133 silly addNameRange     '0.3.0-wip2',
133 silly addNameRange     '0.3.0',
133 silly addNameRange     '0.3.1',
133 silly addNameRange     '0.3.2',
133 silly addNameRange     '0.4.0',
133 silly addNameRange     '0.4.1',
133 silly addNameRange     '0.4.2',
133 silly addNameRange     '0.4.3',
133 silly addNameRange     '0.4.4',
133 silly addNameRange     '0.5.0',
133 silly addNameRange     '0.5.1',
133 silly addNameRange     '0.5.2',
133 silly addNameRange     '0.6.0',
133 silly addNameRange     '0.7.0',
133 silly addNameRange     '0.7.1',
133 silly addNameRange     '0.8.0',
133 silly addNameRange     '1.0.0',
133 silly addNameRange     '1.1.0',
133 silly addNameRange     '1.1.1',
133 silly addNameRange     '1.1.2',
133 silly addNameRange     '1.2.0',
133 silly addNameRange     '1.3.0',
133 silly addNameRange     '1.4.0',
133 silly addNameRange     '1.4.1',
133 silly addNameRange     '1.5.0',
133 silly addNameRange     '1.4.2',
133 silly addNameRange     '1.4.3',
133 silly addNameRange     '1.5.1',
133 silly addNameRange     '1.5.2',
133 silly addNameRange     '1.6.0',
133 silly addNameRange     '1.5.3',
133 silly addNameRange     '1.6.1',
133 silly addNameRange     '1.6.2',
133 silly addNameRange     '1.7.0',
133 silly addNameRange     '1.8.0',
133 silly addNameRange     '1.8.1',
133 silly addNameRange     '1.8.2',
133 silly addNameRange     '1.8.3',
133 silly addNameRange     '1.8.4',
133 silly addNameRange     '1.9.0',
133 silly addNameRange     '2.0.0',
133 silly addNameRange     '2.0.1',
133 silly addNameRange     '2.0.2',
133 silly addNameRange     '2.0.3',
133 silly addNameRange     '2.0.4',
133 silly addNameRange     '2.0.5',
133 silly addNameRange     '2.0.6',
133 silly addNameRange     '2.0.7',
133 silly addNameRange     '2.0.8',
133 silly addNameRange     '2.0.9',
133 silly addNameRange     '2.1.0',
133 silly addNameRange     '2.2.0',
133 silly addNameRange     '2.2.1',
133 silly addNameRange     '2.3.0',
133 silly addNameRange     '2.3.1',
133 silly addNameRange     '2.3.2',
133 silly addNameRange     '2.3.3',
133 silly addNameRange     '2.3.4',
133 silly addNameRange     '2.3.5',
133 silly addNameRange     '2.4.0',
133 silly addNameRange     '2.5.0',
133 silly addNameRange     '2.5.1' ] ]
134 silly addNamed nan@2.3.5
135 verbose addNamed "2.3.5" is a plain semver version for nan
136 silly cache afterAdd nan@2.3.5
137 verbose afterAdd C:\Users\Raj\AppData\Roaming\npm-cache\nan\2.3.5\package\package.json not in flight; writing
138 verbose correctMkdir C:\Users\Raj\AppData\Roaming\npm-cache correctMkdir not in flight; initializing
139 verbose afterAdd C:\Users\Raj\AppData\Roaming\npm-cache\nan\2.3.5\package\package.json written
140 silly loadAllDepsIntoIdealTree Finishing
141 silly loadIdealTree Finishing
142 silly currentTree vsnodejs@0.0.0
142 silly currentTree +-- accepts@1.3.3
142 silly currentTree +-- app@0.1.0
142 silly currentTree | +-- align-text@0.1.4
142 silly currentTree | +-- app-client@0.1.0
142 silly currentTree | +-- async@0.2.10
142 silly currentTree | +-- bluebird@2.10.2
142 silly currentTree | +-- bson@1.0.4
142 silly currentTree | +-- buffer-shims@1.0.0
142 silly currentTree | +-- camelcase@1.2.1
142 silly currentTree | +-- center-align@0.1.3
142 silly currentTree | +-- cliui@2.1.0
142 silly currentTree | +-- connect@3.6.0
142 silly currentTree | +-- core-util-is@1.0.2
142 silly currentTree | +-- cornerstone@0.1.0
142 silly currentTree | +-- debug@2.6.1
142 silly currentTree | +-- decamelize@1.2.0
142 silly currentTree | +-- ee-first@1.1.1
142 silly currentTree | +-- encodeurl@1.0.1
142 silly currentTree | +-- es6-promise@3.2.1
142 silly currentTree | +-- escape-html@1.0.3
142 silly currentTree | +-- finalhandler@1.0.0
142 silly currentTree | +-- hooks-fixed@1.2.0
142 silly currentTree | +-- inherits@2.0.3
142 silly currentTree | +-- is-buffer@1.1.4
142 silly currentTree | +-- isarray@1.0.0
142 silly currentTree | +-- kareem@1.2.1
142 silly currentTree | +-- kind-of@3.1.0
142 silly currentTree | +-- lazy-cache@1.0.4
142 silly currentTree | +-- lodash@4.17.4
142 silly currentTree | +-- longest@1.0.1
142 silly currentTree | +-- mime@1.3.4
142 silly currentTree | +-- minimist@0.0.10
142 silly currentTree | +-- modulator@0.1.0
142 silly currentTree | +-- mongodb-core@2.1.8
142 silly currentTree | +-- mongodb@2.2.24
142 silly currentTree | +-- mongoose@4.8.5
142 silly currentTree | | `-- async@2.1.4
142 silly currentTree | +-- mpath@0.2.1
142 silly currentTree | +-- mpromise@0.5.5
142 silly currentTree | +-- mquery@2.2.3
142 silly currentTree | | +-- debug@2.2.0
142 silly currentTree | | +-- ms@0.7.1
142 silly currentTree | | `-- sliced@0.0.5
142 silly currentTree | +-- ms@0.7.2
142 silly currentTree | +-- muri@1.2.1
142 silly currentTree | +-- on-finished@2.3.0
142 silly currentTree | +-- optimist@0.6.1
142 silly currentTree | +-- parseurl@1.3.1
142 silly currentTree | +-- process-nextick-args@1.0.7
142 silly currentTree | +-- readable-stream@2.1.5
142 silly currentTree | +-- regexp-clone@0.0.1
142 silly currentTree | +-- repeat-string@1.6.1
142 silly currentTree | +-- require_optional@1.0.0
142 silly currentTree | +-- resolve-from@2.0.0
142 silly currentTree | +-- right-align@0.1.3
142 silly currentTree | +-- semver@5.3.0
142 silly currentTree | +-- sliced@1.0.1
142 silly currentTree | +-- source-map@0.5.6
142 silly currentTree | +-- statuses@1.3.1
142 silly currentTree | +-- string_decoder@0.10.31
142 silly currentTree | +-- uglify-js@2.8.5
142 silly currentTree | +-- uglify-to-browserify@1.0.2
142 silly currentTree | +-- unpipe@1.0.0
142 silly currentTree | +-- util-deprecate@1.0.2
142 silly currentTree | +-- utils-merge@1.0.0
142 silly currentTree | +-- window-size@0.1.0
142 silly currentTree | +-- wordwrap@0.0.2
142 silly currentTree | `-- yargs@3.10.0
142 silly currentTree +-- array-flatten@1.1.1
142 silly currentTree +-- body-parser@1.17.1
142 silly currentTree +-- bytes@2.4.0
142 silly currentTree +-- connect@3.6.0
142 silly currentTree | +-- debug@2.6.1
142 silly currentTree | +-- ee-first@1.1.1
142 silly currentTree | +-- encodeurl@1.0.1
142 silly currentTree | +-- escape-html@1.0.3
142 silly currentTree | +-- finalhandler@1.0.0
142 silly currentTree | +-- ms@0.7.2
142 silly currentTree | +-- on-finished@2.3.0
142 silly currentTree | +-- parseurl@1.3.1
142 silly currentTree | +-- statuses@1.3.1
142 silly currentTree | +-- unpipe@1.0.0
142 silly currentTree | `-- utils-merge@1.0.0
142 silly currentTree +-- consolidate@0.14.5
142 silly currentTree | +-- bluebird@3.5.0
142 silly currentTree | `-- hogan@1.0.2
142 silly currentTree |   +-- abbrev@1.1.0
142 silly currentTree |   +-- hogan.js@3.0.2
142 silly currentTree |   +-- mkdirp@0.3.0
142 silly currentTree |   `-- nopt@1.0.10
142 silly currentTree +-- content-disposition@0.5.2
142 silly currentTree +-- content-type@1.0.2
142 silly currentTree +-- cookie-signature@1.0.6
142 silly currentTree +-- cookie@0.3.1
142 silly currentTree +-- debug@2.6.1
142 silly currentTree +-- depd@1.1.0
142 silly currentTree +-- destroy@1.0.4
142 silly currentTree +-- ee-first@1.1.1
142 silly currentTree +-- ejs@2.5.6
142 silly currentTree +-- encodeurl@1.0.1
142 silly currentTree +-- escape-html@1.0.3
142 silly currentTree +-- etag@1.8.0
142 silly currentTree +-- express@4.15.2
142 silly currentTree +-- finalhandler@1.0.0
142 silly currentTree +-- forwarded@0.1.0
142 silly currentTree +-- fresh@0.5.0
142 silly currentTree +-- hogan@1.0.2
142 silly currentTree | +-- abbrev@1.1.0
142 silly currentTree | +-- hogan.js@3.0.2
142 silly currentTree | +-- mkdirp@0.3.0
142 silly currentTree | `-- nopt@1.0.10
142 silly currentTree +-- http-errors@1.6.1
142 silly currentTree +-- http@0.0.0
142 silly currentTree +-- iconv-lite@0.4.15
142 silly currentTree +-- inherits@2.0.3
142 silly currentTree +-- ipaddr.js@1.2.0
142 silly currentTree +-- media-typer@0.3.0
142 silly currentTree +-- merge-descriptors@1.0.1
142 silly currentTree +-- methods@1.1.2
142 silly currentTree +-- mime-db@1.26.0
142 silly currentTree +-- mime-types@2.1.14
142 silly currentTree +-- mime@1.3.4
142 silly currentTree +-- ms@0.7.2
142 silly currentTree +-- negotiator@0.6.1
142 silly currentTree +-- npm@3.10.10
142 silly currentTree | +-- abbrev@1.0.9
142 silly currentTree | +-- ansi-regex@2.0.0
142 silly currentTree | +-- ansicolors@0.3.2
142 silly currentTree | +-- ansistyles@0.1.3
142 silly currentTree | +-- aproba@1.0.4
142 silly currentTree | +-- archy@1.0.0
142 silly currentTree | +-- asap@2.0.5
142 silly currentTree | +-- chownr@1.0.1
142 silly currentTree | +-- cmd-shim@2.0.2
142 silly currentTree | +-- columnify@1.5.4
142 silly currentTree | | `-- wcwidth@1.0.0
142 silly currentTree | |   `-- defaults@1.0.3
142 silly currentTree | |     `-- clone@1.0.2
142 silly currentTree | +-- config-chain@1.1.11
142 silly currentTree | | `-- proto-list@1.2.4
142 silly currentTree | +-- debuglog@1.0.1
142 silly currentTree | +-- dezalgo@1.0.3
142 silly currentTree | +-- editor@1.0.0
142 silly currentTree | +-- fs-vacuum@1.2.9
142 silly currentTree | +-- fs-write-stream-atomic@1.0.8
142 silly currentTree | +-- fstream-npm@1.2.0
142 silly currentTree | | `-- fstream-ignore@1.0.5
142 silly currentTree | |   `-- minimatch@3.0.3
142 silly currentTree | |     `-- brace-expansion@1.1.6
142 silly currentTree | |       +-- balanced-match@0.4.2
142 silly currentTree | |       `-- concat-map@0.0.1
142 silly currentTree | +-- fstream@1.0.10
142 silly currentTree | +-- glob@7.1.0
142 silly currentTree | | +-- fs.realpath@1.0.0
142 silly currentTree | | +-- minimatch@3.0.3
142 silly currentTree | | | `-- brace-expansion@1.1.6
142 silly currentTree | | |   +-- balanced-match@0.4.2
142 silly currentTree | | |   `-- concat-map@0.0.1
142 silly currentTree | | `-- path-is-absolute@1.0.1
142 silly currentTree | +-- graceful-fs@4.1.9
142 silly currentTree | +-- has-unicode@2.0.1
142 silly currentTree | +-- hosted-git-info@2.1.5
142 silly currentTree | +-- iferr@0.1.5
142 silly currentTree | +-- imurmurhash@0.1.4
142 silly currentTree | +-- inflight@1.0.5
142 silly currentTree | +-- inherits@2.0.3
142 silly currentTree | +-- ini@1.3.4
142 silly currentTree | +-- init-package-json@1.9.4
142 silly currentTree | | +-- glob@6.0.4
142 silly currentTree | | | +-- minimatch@3.0.3
142 silly currentTree | | | | `-- brace-expansion@1.1.6
142 silly currentTree | | | |   +-- balanced-match@0.4.2
142 silly currentTree | | | |   `-- concat-map@0.0.1
142 silly currentTree | | | `-- path-is-absolute@1.0.0
142 silly currentTree | | `-- promzard@0.3.0
142 silly currentTree | +-- lockfile@1.0.2
142 silly currentTree | +-- lodash._baseindexof@3.1.0
142 silly currentTree | +-- lodash._baseuniq@4.6.0
142 silly currentTree | | +-- lodash._createset@4.0.3
142 silly currentTree | | `-- lodash._root@3.0.1
142 silly currentTree | +-- lodash._bindcallback@3.0.1
142 silly currentTree | +-- lodash._cacheindexof@3.0.2
142 silly currentTree | +-- lodash._createcache@3.1.2
142 silly currentTree | +-- lodash._getnative@3.9.1
142 silly currentTree | +-- lodash.clonedeep@4.5.0
142 silly currentTree | +-- lodash.restparam@3.6.1
142 silly currentTree | +-- lodash.union@4.6.0
142 silly currentTree | +-- lodash.uniq@4.5.0
142 silly currentTree | +-- lodash.without@4.4.0
142 silly currentTree | +-- mkdirp@0.5.1
142 silly currentTree | | `-- minimist@0.0.8
142 silly currentTree | +-- node-gyp@3.4.0
142 silly currentTree | | +-- minimatch@3.0.3
142 silly currentTree | | | `-- brace-expansion@1.1.6
142 silly currentTree | | |   +-- balanced-match@0.4.2
142 silly currentTree | | |   `-- concat-map@0.0.1
142 silly currentTree | | +-- npmlog@3.1.2
142 silly currentTree | | | +-- are-we-there-yet@1.1.2
142 silly currentTree | | | | `-- delegates@1.0.0
142 silly currentTree | | | +-- console-control-strings@1.1.0
142 silly currentTree | | | +-- gauge@2.6.0
142 silly currentTree | | | | +-- has-color@0.1.7
142 silly currentTree | | | | +-- object-assign@4.1.0
142 silly currentTree | | | | +-- signal-exit@3.0.0
142 silly currentTree | | | | +-- string-width@1.0.2
142 silly currentTree | | | | | +-- code-point-at@1.0.0
142 silly currentTree | | | | | | `-- number-is-nan@1.0.0
142 silly currentTree | | | | | `-- is-fullwidth-code-point@1.0.0
142 silly currentTree | | | | |   `-- number-is-nan@1.0.0
142 silly currentTree | | | | `-- wide-align@1.1.0
142 silly currentTree | | | `-- set-blocking@2.0.0
142 silly currentTree | | `-- path-array@1.0.1
142 silly currentTree | |   `-- array-index@1.0.0
142 silly currentTree | |     +-- debug@2.2.0
142 silly currentTree | |     | `-- ms@0.7.1
142 silly currentTree | |     `-- es6-symbol@3.1.0
142 silly currentTree | |       +-- d@0.1.1
142 silly currentTree | |       `-- es5-ext@0.10.12
142 silly currentTree | |         `-- es6-iterator@2.0.0
142 silly currentTree | +-- nopt@3.0.6
142 silly currentTree | +-- normalize-git-url@3.0.2
142 silly currentTree | +-- normalize-package-data@2.3.5
142 silly currentTree | | `-- is-builtin-module@1.0.0
142 silly currentTree | |   `-- builtin-modules@1.1.1
142 silly currentTree | +-- npm-cache-filename@1.0.2
142 silly currentTree | +-- npm-install-checks@3.0.0
142 silly currentTree | +-- npm-package-arg@4.2.0
142 silly currentTree | +-- npm-registry-client@7.2.1
142 silly currentTree | | +-- concat-stream@1.5.2
142 silly currentTree | | | +-- readable-stream@2.0.6
142 silly currentTree | | | | +-- core-util-is@1.0.2
142 silly currentTree | | | | +-- isarray@1.0.0
142 silly currentTree | | | | +-- process-nextick-args@1.0.7
142 silly currentTree | | | | +-- string_decoder@0.10.31
142 silly currentTree | | | | `-- util-deprecate@1.0.2
142 silly currentTree | | | `-- typedarray@0.0.6
142 silly currentTree | | +-- npmlog@3.1.2
142 silly currentTree | | | +-- are-we-there-yet@1.1.2
142 silly currentTree | | | | `-- delegates@1.0.0
142 silly currentTree | | | +-- console-control-strings@1.1.0
142 silly currentTree | | | +-- gauge@2.6.0
142 silly currentTree | | | | +-- has-color@0.1.7
142 silly currentTree | | | | +-- object-assign@4.1.0
142 silly currentTree | | | | +-- signal-exit@3.0.0
142 silly currentTree | | | | +-- string-width@1.0.2
142 silly currentTree | | | | | +-- code-point-at@1.0.0
142 silly currentTree | | | | | | `-- number-is-nan@1.0.0
142 silly currentTree | | | | | `-- is-fullwidth-code-point@1.0.0
142 silly currentTree | | | | `-- wide-align@1.1.0
142 silly currentTree | | | `-- set-blocking@2.0.0
142 silly currentTree | | `-- retry@0.10.0
142 silly currentTree | +-- npm-user-validate@0.1.5
142 silly currentTree | +-- npmlog@4.0.0
142 silly currentTree | | +-- are-we-there-yet@1.1.2
142 silly currentTree | | | `-- delegates@1.0.0
142 silly currentTree | | +-- console-control-strings@1.1.0
142 silly currentTree | | +-- gauge@2.6.0
142 silly currentTree | | | +-- has-color@0.1.7
142 silly currentTree | | | +-- object-assign@4.1.0
142 silly currentTree | | | +-- signal-exit@3.0.0
142 silly currentTree | | | +-- string-width@1.0.2
142 silly currentTree | | | | +-- code-point-at@1.0.0
142 silly currentTree | | | | | `-- number-is-nan@1.0.0
142 silly currentTree | | | | `-- is-fullwidth-code-point@1.0.0
142 silly currentTree | | | |   `-- number-is-nan@1.0.0
142 silly currentTree | | | `-- wide-align@1.1.0
142 silly currentTree | | `-- set-blocking@2.0.0
142 silly currentTree | +-- once@1.4.0
142 silly currentTree | +-- opener@1.4.2
142 silly currentTree | +-- osenv@0.1.3
142 silly currentTree | | +-- os-homedir@1.0.1
142 silly currentTree | | `-- os-tmpdir@1.0.1
142 silly currentTree | +-- path-is-inside@1.0.2
142 silly currentTree | +-- read-cmd-shim@1.0.1
142 silly currentTree | +-- read-installed@4.0.3
142 silly currentTree | | `-- util-extend@1.0.3
142 silly currentTree | +-- read-package-json@2.0.4
142 silly currentTree | | +-- glob@6.0.4
142 silly currentTree | | | +-- minimatch@3.0.3
142 silly currentTree | | | | `-- brace-expansion@1.1.6
142 silly currentTree | | | |   +-- balanced-match@0.4.2
142 silly currentTree | | | |   `-- concat-map@0.0.1
142 silly currentTree | | | `-- path-is-absolute@1.0.0
142 silly currentTree | | `-- json-parse-helpfulerror@1.0.3
142 silly currentTree | |   `-- jju@1.3.0
142 silly currentTree | +-- read-package-tree@5.1.5
142 silly currentTree | +-- read@1.0.7
142 silly currentTree | | `-- mute-stream@0.0.5
142 silly currentTree | +-- readable-stream@2.1.5
142 silly currentTree | | +-- buffer-shims@1.0.0
142 silly currentTree | | +-- core-util-is@1.0.2
142 silly currentTree | | +-- isarray@1.0.0
142 silly currentTree | | +-- process-nextick-args@1.0.7
142 silly currentTree | | +-- string_decoder@0.10.31
142 silly currentTree | | `-- util-deprecate@1.0.2
142 silly currentTree | +-- readdir-scoped-modules@1.0.2
142 silly currentTree | +-- realize-package-specifier@3.0.3
142 silly currentTree | +-- request@2.75.0
142 silly currentTree | | +-- aws-sign2@0.6.0
142 silly currentTree | | +-- aws4@1.4.1
142 silly currentTree | | +-- bl@1.1.2
142 silly currentTree | | | `-- readable-stream@2.0.6
142 silly currentTree | | |   +-- core-util-is@1.0.2
142 silly currentTree | | |   +-- isarray@1.0.0
142 silly currentTree | | |   +-- process-nextick-args@1.0.7
142 silly currentTree | | |   +-- string_decoder@0.10.31
142 silly currentTree | | |   `-- util-deprecate@1.0.2
142 silly currentTree | | +-- caseless@0.11.0
142 silly currentTree | | +-- combined-stream@1.0.5
142 silly currentTree | | | `-- delayed-stream@1.0.0
142 silly currentTree | | +-- extend@3.0.0
142 silly currentTree | | +-- forever-agent@0.6.1
142 silly currentTree | | +-- form-data@2.0.0
142 silly currentTree | | | `-- asynckit@0.4.0
142 silly currentTree | | +-- har-validator@2.0.6
142 silly currentTree | | | +-- chalk@1.1.3
142 silly currentTree | | | | +-- ansi-styles@2.2.1
142 silly currentTree | | | | +-- escape-string-regexp@1.0.5
142 silly currentTree | | | | +-- has-ansi@2.0.0
142 silly currentTree | | | | `-- supports-color@2.0.0
142 silly currentTree | | | +-- commander@2.9.0
142 silly currentTree | | | | `-- graceful-readlink@1.0.1
142 silly currentTree | | | +-- is-my-json-valid@2.15.0
142 silly currentTree | | | | +-- generate-function@2.0.0
142 silly currentTree | | | | +-- generate-object-property@1.2.0
142 silly currentTree | | | | | `-- is-property@1.0.2
142 silly currentTree | | | | +-- jsonpointer@4.0.0
142 silly currentTree | | | | `-- xtend@4.0.1
142 silly currentTree | | | `-- pinkie-promise@2.0.1
142 silly currentTree | | |   `-- pinkie@2.0.4
142 silly currentTree | | +-- hawk@3.1.3
142 silly currentTree | | | +-- boom@2.10.1
142 silly currentTree | | | +-- cryptiles@2.0.5
142 silly currentTree | | | +-- hoek@2.16.3
142 silly currentTree | | | `-- sntp@1.0.9
142 silly currentTree | | +-- http-signature@1.1.1
142 silly currentTree | | | +-- assert-plus@0.2.0
142 silly currentTree | | | +-- jsprim@1.3.1
142 silly currentTree | | | | +-- extsprintf@1.0.2
142 silly currentTree | | | | +-- json-schema@0.2.3
142 silly currentTree | | | | `-- verror@1.3.6
142 silly currentTree | | | `-- sshpk@1.10.1
142 silly currentTree | | |   +-- asn1@0.2.3
142 silly currentTree | | |   +-- assert-plus@1.0.0
142 silly currentTree | | |   +-- bcrypt-pbkdf@1.0.0
142 silly currentTree | | |   +-- dashdash@1.14.0
142 silly currentTree | | |   +-- ecc-jsbn@0.1.1
142 silly currentTree | | |   +-- getpass@0.1.6
142 silly currentTree | | |   +-- jodid25519@1.0.2
142 silly currentTree | | |   +-- jsbn@0.1.0
142 silly currentTree | | |   `-- tweetnacl@0.14.3
142 silly currentTree | | +-- is-typedarray@1.0.0
142 silly currentTree | | +-- isstream@0.1.2
142 silly currentTree | | +-- json-stringify-safe@5.0.1
142 silly currentTree | | +-- mime-types@2.1.12
142 silly currentTree | | | `-- mime-db@1.24.0
142 silly currentTree | | +-- node-uuid@1.4.7
142 silly currentTree | | +-- oauth-sign@0.8.2
142 silly currentTree | | +-- qs@6.2.1
142 silly currentTree | | +-- stringstream@0.0.5
142 silly currentTree | | +-- tough-cookie@2.3.1
142 silly currentTree | | `-- tunnel-agent@0.4.3
142 silly currentTree | +-- retry@0.10.0
142 silly currentTree | +-- rimraf@2.5.4
142 silly currentTree | +-- semver@5.3.0
142 silly currentTree | +-- sha@2.0.1
142 silly currentTree | +-- slide@1.1.6
142 silly currentTree | +-- sorted-object@2.0.1
142 silly currentTree | +-- strip-ansi@3.0.1
142 silly currentTree | +-- tar@2.2.1
142 silly currentTree | | `-- block-stream@0.0.8
142 silly currentTree | +-- text-table@0.2.0
142 silly currentTree | +-- uid-number@0.0.6
142 silly currentTree | +-- umask@1.1.0
142 silly currentTree | +-- unique-filename@1.1.0
142 silly currentTree | | `-- unique-slug@2.0.0
142 silly currentTree | +-- unpipe@1.0.0
142 silly currentTree | +-- validate-npm-package-license@3.0.1
142 silly currentTree | | +-- spdx-correct@1.0.2
142 silly currentTree | | | `-- spdx-license-ids@1.2.0
142 silly currentTree | | `-- spdx-expression-parse@1.0.2
142 silly currentTree | |   +-- spdx-exceptions@1.0.4
142 silly currentTree | |   `-- spdx-license-ids@1.2.0
142 silly currentTree | +-- validate-npm-package-name@2.2.2
142 silly currentTree | | `-- builtins@0.0.7
142 silly currentTree | +-- which@1.2.11
142 silly currentTree | | `-- isexe@1.1.2
142 silly currentTree | +-- wrappy@1.0.2
142 silly currentTree | `-- write-file-atomic@1.2.0
142 silly currentTree +-- number-is-nan@1.0.1
142 silly currentTree +-- on-finished@2.3.0
142 silly currentTree +-- parseurl@1.3.1
142 silly currentTree +-- path-to-regexp@0.1.7
142 silly currentTree +-- path@0.12.7
142 silly currentTree | +-- inherits@2.0.1
142 silly currentTree | +-- process@0.11.9
142 silly currentTree | `-- util@0.10.3
142 silly currentTree +-- ping@0.2.2
142 silly currentTree | +-- q@1.4.1
142 silly currentTree | `-- underscore@1.8.3
142 silly currentTree +-- proxy-addr@1.1.3
142 silly currentTree +-- qs@6.4.0
142 silly currentTree +-- range-parser@1.2.0
142 silly currentTree +-- raw-body@2.2.0
142 silly currentTree +-- send@0.15.1
142 silly currentTree +-- serve-static@1.12.1
142 silly currentTree +-- setprototypeof@1.0.3
142 silly currentTree +-- statuses@1.3.1
142 silly currentTree +-- type-is@1.6.14
142 silly currentTree +-- unpipe@1.0.0
142 silly currentTree +-- utils-merge@1.0.0
142 silly currentTree `-- vary@1.1.0
143 silly idealTree vsnodejs@0.0.0
143 silly idealTree +-- accepts@1.3.3
143 silly idealTree +-- app@0.1.0
143 silly idealTree | +-- align-text@0.1.4
143 silly idealTree | +-- app-client@0.1.0
143 silly idealTree | +-- async@0.2.10
143 silly idealTree | +-- bluebird@2.10.2
143 silly idealTree | +-- bson@1.0.4
143 silly idealTree | +-- buffer-shims@1.0.0
143 silly idealTree | +-- camelcase@1.2.1
143 silly idealTree | +-- center-align@0.1.3
143 silly idealTree | +-- cliui@2.1.0
143 silly idealTree | +-- connect@3.6.0
143 silly idealTree | +-- core-util-is@1.0.2
143 silly idealTree | +-- cornerstone@0.1.0
143 silly idealTree | +-- debug@2.6.1
143 silly idealTree | +-- decamelize@1.2.0
143 silly idealTree | +-- ee-first@1.1.1
143 silly idealTree | +-- encodeurl@1.0.1
143 silly idealTree | +-- es6-promise@3.2.1
143 silly idealTree | +-- escape-html@1.0.3
143 silly idealTree | +-- finalhandler@1.0.0
143 silly idealTree | +-- hooks-fixed@1.2.0
143 silly idealTree | +-- inherits@2.0.3
143 silly idealTree | +-- is-buffer@1.1.4
143 silly idealTree | +-- isarray@1.0.0
143 silly idealTree | +-- kareem@1.2.1
143 silly idealTree | +-- kind-of@3.1.0
143 silly idealTree | +-- lazy-cache@1.0.4
143 silly idealTree | +-- lodash@4.17.4
143 silly idealTree | +-- longest@1.0.1
143 silly idealTree | +-- mime@1.3.4
143 silly idealTree | +-- minimist@0.0.10
143 silly idealTree | +-- modulator@0.1.0
143 silly idealTree | +-- mongodb-core@2.1.8
143 silly idealTree | +-- mongodb@2.2.24
143 silly idealTree | +-- mongoose@4.8.5
143 silly idealTree | | `-- async@2.1.4
143 silly idealTree | +-- mpath@0.2.1
143 silly idealTree | +-- mpromise@0.5.5
143 silly idealTree | +-- mquery@2.2.3
143 silly idealTree | | +-- debug@2.2.0
143 silly idealTree | | +-- ms@0.7.1
143 silly idealTree | | `-- sliced@0.0.5
143 silly idealTree | +-- ms@0.7.2
143 silly idealTree | +-- muri@1.2.1
143 silly idealTree | +-- on-finished@2.3.0
143 silly idealTree | +-- optimist@0.6.1
143 silly idealTree | +-- parseurl@1.3.1
143 silly idealTree | +-- process-nextick-args@1.0.7
143 silly idealTree | +-- readable-stream@2.1.5
143 silly idealTree | +-- regexp-clone@0.0.1
143 silly idealTree | +-- repeat-string@1.6.1
143 silly idealTree | +-- require_optional@1.0.0
143 silly idealTree | +-- resolve-from@2.0.0
143 silly idealTree | +-- right-align@0.1.3
143 silly idealTree | +-- semver@5.3.0
143 silly idealTree | +-- sliced@1.0.1
143 silly idealTree | +-- source-map@0.5.6
143 silly idealTree | +-- statuses@1.3.1
143 silly idealTree | +-- string_decoder@0.10.31
143 silly idealTree | +-- uglify-js@2.8.5
143 silly idealTree | +-- uglify-to-browserify@1.0.2
143 silly idealTree | +-- unpipe@1.0.0
143 silly idealTree | +-- util-deprecate@1.0.2
143 silly idealTree | +-- utils-merge@1.0.0
143 silly idealTree | +-- window-size@0.1.0
143 silly idealTree | +-- wordwrap@0.0.2
143 silly idealTree | `-- yargs@3.10.0
143 silly idealTree +-- array-flatten@1.1.1
143 silly idealTree +-- body-parser@1.17.1
143 silly idealTree +-- bytes@2.4.0
143 silly idealTree +-- connect@3.6.0
143 silly idealTree | +-- debug@2.6.1
143 silly idealTree | +-- ee-first@1.1.1
143 silly idealTree | +-- encodeurl@1.0.1
143 silly idealTree | +-- escape-html@1.0.3
143 silly idealTree | +-- finalhandler@1.0.0
143 silly idealTree | +-- ms@0.7.2
143 silly idealTree | +-- on-finished@2.3.0
143 silly idealTree | +-- parseurl@1.3.1
143 silly idealTree | +-- statuses@1.3.1
143 silly idealTree | +-- unpipe@1.0.0
143 silly idealTree | `-- utils-merge@1.0.0
143 silly idealTree +-- consolidate@0.14.5
143 silly idealTree | +-- bluebird@3.5.0
143 silly idealTree | `-- hogan@1.0.2
143 silly idealTree |   +-- abbrev@1.1.0
143 silly idealTree |   +-- hogan.js@3.0.2
143 silly idealTree |   +-- mkdirp@0.3.0
143 silly idealTree |   `-- nopt@1.0.10
143 silly idealTree +-- content-disposition@0.5.2
143 silly idealTree +-- content-type@1.0.2
143 silly idealTree +-- cookie-signature@1.0.6
143 silly idealTree +-- cookie@0.3.1
143 silly idealTree +-- debug@2.6.1
143 silly idealTree +-- depd@1.1.0
143 silly idealTree +-- destroy@1.0.4
143 silly idealTree +-- ee-first@1.1.1
143 silly idealTree +-- ejs@2.5.6
143 silly idealTree +-- encodeurl@1.0.1
143 silly idealTree +-- escape-html@1.0.3
143 silly idealTree +-- etag@1.8.0
143 silly idealTree +-- express@4.15.2
143 silly idealTree +-- finalhandler@1.0.0
143 silly idealTree +-- forwarded@0.1.0
143 silly idealTree +-- fresh@0.5.0
143 silly idealTree +-- hogan@1.0.2
143 silly idealTree | +-- abbrev@1.1.0
143 silly idealTree | +-- hogan.js@3.0.2
143 silly idealTree | +-- mkdirp@0.3.0
143 silly idealTree | `-- nopt@1.0.10
143 silly idealTree +-- http-errors@1.6.1
143 silly idealTree +-- http@0.0.0
143 silly idealTree +-- iconv-lite@0.4.15
143 silly idealTree +-- inherits@2.0.3
143 silly idealTree +-- ipaddr.js@1.2.0
143 silly idealTree +-- media-typer@0.3.0
143 silly idealTree +-- merge-descriptors@1.0.1
143 silly idealTree +-- methods@1.1.2
143 silly idealTree +-- mime-db@1.26.0
143 silly idealTree +-- mime-types@2.1.14
143 silly idealTree +-- mime@1.3.4
143 silly idealTree +-- ms@0.7.2
143 silly idealTree +-- nan@2.3.5
143 silly idealTree +-- negotiator@0.6.1
143 silly idealTree +-- net-ping@1.2.0
143 silly idealTree +-- npm@3.10.10
143 silly idealTree | +-- abbrev@1.0.9
143 silly idealTree | +-- ansi-regex@2.0.0
143 silly idealTree | +-- ansicolors@0.3.2
143 silly idealTree | +-- ansistyles@0.1.3
143 silly idealTree | +-- aproba@1.0.4
143 silly idealTree | +-- archy@1.0.0
143 silly idealTree | +-- asap@2.0.5
143 silly idealTree | +-- chownr@1.0.1
143 silly idealTree | +-- cmd-shim@2.0.2
143 silly idealTree | +-- columnify@1.5.4
143 silly idealTree | | `-- wcwidth@1.0.0
143 silly idealTree | |   `-- defaults@1.0.3
143 silly idealTree | |     `-- clone@1.0.2
143 silly idealTree | +-- config-chain@1.1.11
143 silly idealTree | | `-- proto-list@1.2.4
143 silly idealTree | +-- debuglog@1.0.1
143 silly idealTree | +-- dezalgo@1.0.3
143 silly idealTree | +-- editor@1.0.0
143 silly idealTree | +-- fs-vacuum@1.2.9
143 silly idealTree | +-- fs-write-stream-atomic@1.0.8
143 silly idealTree | +-- fstream-npm@1.2.0
143 silly idealTree | | `-- fstream-ignore@1.0.5
143 silly idealTree | |   `-- minimatch@3.0.3
143 silly idealTree | |     `-- brace-expansion@1.1.6
143 silly idealTree | |       +-- balanced-match@0.4.2
143 silly idealTree | |       `-- concat-map@0.0.1
143 silly idealTree | +-- fstream@1.0.10
143 silly idealTree | +-- glob@7.1.0
143 silly idealTree | | +-- fs.realpath@1.0.0
143 silly idealTree | | +-- minimatch@3.0.3
143 silly idealTree | | | `-- brace-expansion@1.1.6
143 silly idealTree | | |   +-- balanced-match@0.4.2
143 silly idealTree | | |   `-- concat-map@0.0.1
143 silly idealTree | | `-- path-is-absolute@1.0.1
143 silly idealTree | +-- graceful-fs@4.1.9
143 silly idealTree | +-- has-unicode@2.0.1
143 silly idealTree | +-- hosted-git-info@2.1.5
143 silly idealTree | +-- iferr@0.1.5
143 silly idealTree | +-- imurmurhash@0.1.4
143 silly idealTree | +-- inflight@1.0.5
143 silly idealTree | +-- inherits@2.0.3
143 silly idealTree | +-- ini@1.3.4
143 silly idealTree | +-- init-package-json@1.9.4
143 silly idealTree | | +-- glob@6.0.4
143 silly idealTree | | | +-- minimatch@3.0.3
143 silly idealTree | | | | `-- brace-expansion@1.1.6
143 silly idealTree | | | |   +-- balanced-match@0.4.2
143 silly idealTree | | | |   `-- concat-map@0.0.1
143 silly idealTree | | | `-- path-is-absolute@1.0.0
143 silly idealTree | | `-- promzard@0.3.0
143 silly idealTree | +-- lockfile@1.0.2
143 silly idealTree | +-- lodash._baseindexof@3.1.0
143 silly idealTree | +-- lodash._baseuniq@4.6.0
143 silly idealTree | | +-- lodash._createset@4.0.3
143 silly idealTree | | `-- lodash._root@3.0.1
143 silly idealTree | +-- lodash._bindcallback@3.0.1
143 silly idealTree | +-- lodash._cacheindexof@3.0.2
143 silly idealTree | +-- lodash._createcache@3.1.2
143 silly idealTree | +-- lodash._getnative@3.9.1
143 silly idealTree | +-- lodash.clonedeep@4.5.0
143 silly idealTree | +-- lodash.restparam@3.6.1
143 silly idealTree | +-- lodash.union@4.6.0
143 silly idealTree | +-- lodash.uniq@4.5.0
143 silly idealTree | +-- lodash.without@4.4.0
143 silly idealTree | +-- mkdirp@0.5.1
143 silly idealTree | | `-- minimist@0.0.8
143 silly idealTree | +-- node-gyp@3.4.0
143 silly idealTree | | +-- minimatch@3.0.3
143 silly idealTree | | | `-- brace-expansion@1.1.6
143 silly idealTree | | |   +-- balanced-match@0.4.2
143 silly idealTree | | |   `-- concat-map@0.0.1
143 silly idealTree | | +-- npmlog@3.1.2
143 silly idealTree | | | +-- are-we-there-yet@1.1.2
143 silly idealTree | | | | `-- delegates@1.0.0
143 silly idealTree | | | +-- console-control-strings@1.1.0
143 silly idealTree | | | +-- gauge@2.6.0
143 silly idealTree | | | | +-- has-color@0.1.7
143 silly idealTree | | | | +-- object-assign@4.1.0
143 silly idealTree | | | | +-- signal-exit@3.0.0
143 silly idealTree | | | | +-- string-width@1.0.2
143 silly idealTree | | | | | +-- code-point-at@1.0.0
143 silly idealTree | | | | | | `-- number-is-nan@1.0.0
143 silly idealTree | | | | | `-- is-fullwidth-code-point@1.0.0
143 silly idealTree | | | | |   `-- number-is-nan@1.0.0
143 silly idealTree | | | | `-- wide-align@1.1.0
143 silly idealTree | | | `-- set-blocking@2.0.0
143 silly idealTree | | `-- path-array@1.0.1
143 silly idealTree | |   `-- array-index@1.0.0
143 silly idealTree | |     +-- debug@2.2.0
143 silly idealTree | |     | `-- ms@0.7.1
143 silly idealTree | |     `-- es6-symbol@3.1.0
143 silly idealTree | |       +-- d@0.1.1
143 silly idealTree | |       `-- es5-ext@0.10.12
143 silly idealTree | |         `-- es6-iterator@2.0.0
143 silly idealTree | +-- nopt@3.0.6
143 silly idealTree | +-- normalize-git-url@3.0.2
143 silly idealTree | +-- normalize-package-data@2.3.5
143 silly idealTree | | `-- is-builtin-module@1.0.0
143 silly idealTree | |   `-- builtin-modules@1.1.1
143 silly idealTree | +-- npm-cache-filename@1.0.2
143 silly idealTree | +-- npm-install-checks@3.0.0
143 silly idealTree | +-- npm-package-arg@4.2.0
143 silly idealTree | +-- npm-registry-client@7.2.1
143 silly idealTree | | +-- concat-stream@1.5.2
143 silly idealTree | | | +-- readable-stream@2.0.6
143 silly idealTree | | | | +-- core-util-is@1.0.2
143 silly idealTree | | | | +-- isarray@1.0.0
143 silly idealTree | | | | +-- process-nextick-args@1.0.7
143 silly idealTree | | | | +-- string_decoder@0.10.31
143 silly idealTree | | | | `-- util-deprecate@1.0.2
143 silly idealTree | | | `-- typedarray@0.0.6
143 silly idealTree | | +-- npmlog@3.1.2
143 silly idealTree | | | +-- are-we-there-yet@1.1.2
143 silly idealTree | | | | `-- delegates@1.0.0
143 silly idealTree | | | +-- console-control-strings@1.1.0
143 silly idealTree | | | +-- gauge@2.6.0
143 silly idealTree | | | | +-- has-color@0.1.7
143 silly idealTree | | | | +-- object-assign@4.1.0
143 silly idealTree | | | | +-- signal-exit@3.0.0
143 silly idealTree | | | | +-- string-width@1.0.2
143 silly idealTree | | | | | +-- code-point-at@1.0.0
143 silly idealTree | | | | | | `-- number-is-nan@1.0.0
143 silly idealTree | | | | | `-- is-fullwidth-code-point@1.0.0
143 silly idealTree | | | | `-- wide-align@1.1.0
143 silly idealTree | | | `-- set-blocking@2.0.0
143 silly idealTree | | `-- retry@0.10.0
143 silly idealTree | +-- npm-user-validate@0.1.5
143 silly idealTree | +-- npmlog@4.0.0
143 silly idealTree | | +-- are-we-there-yet@1.1.2
143 silly idealTree | | | `-- delegates@1.0.0
143 silly idealTree | | +-- console-control-strings@1.1.0
143 silly idealTree | | +-- gauge@2.6.0
143 silly idealTree | | | +-- has-color@0.1.7
143 silly idealTree | | | +-- object-assign@4.1.0
143 silly idealTree | | | +-- signal-exit@3.0.0
143 silly idealTree | | | +-- string-width@1.0.2
143 silly idealTree | | | | +-- code-point-at@1.0.0
143 silly idealTree | | | | | `-- number-is-nan@1.0.0
143 silly idealTree | | | | `-- is-fullwidth-code-point@1.0.0
143 silly idealTree | | | |   `-- number-is-nan@1.0.0
143 silly idealTree | | | `-- wide-align@1.1.0
143 silly idealTree | | `-- set-blocking@2.0.0
143 silly idealTree | +-- once@1.4.0
143 silly idealTree | +-- opener@1.4.2
143 silly idealTree | +-- osenv@0.1.3
143 silly idealTree | | +-- os-homedir@1.0.1
143 silly idealTree | | `-- os-tmpdir@1.0.1
143 silly idealTree | +-- path-is-inside@1.0.2
143 silly idealTree | +-- read-cmd-shim@1.0.1
143 silly idealTree | +-- read-installed@4.0.3
143 silly idealTree | | `-- util-extend@1.0.3
143 silly idealTree | +-- read-package-json@2.0.4
143 silly idealTree | | +-- glob@6.0.4
143 silly idealTree | | | +-- minimatch@3.0.3
143 silly idealTree | | | | `-- brace-expansion@1.1.6
143 silly idealTree | | | |   +-- balanced-match@0.4.2
143 silly idealTree | | | |   `-- concat-map@0.0.1
143 silly idealTree | | | `-- path-is-absolute@1.0.0
143 silly idealTree | | `-- json-parse-helpfulerror@1.0.3
143 silly idealTree | |   `-- jju@1.3.0
143 silly idealTree | +-- read-package-tree@5.1.5
143 silly idealTree | +-- read@1.0.7
143 silly idealTree | | `-- mute-stream@0.0.5
143 silly idealTree | +-- readable-stream@2.1.5
143 silly idealTree | | +-- buffer-shims@1.0.0
143 silly idealTree | | +-- core-util-is@1.0.2
143 silly idealTree | | +-- isarray@1.0.0
143 silly idealTree | | +-- process-nextick-args@1.0.7
143 silly idealTree | | +-- string_decoder@0.10.31
143 silly idealTree | | `-- util-deprecate@1.0.2
143 silly idealTree | +-- readdir-scoped-modules@1.0.2
143 silly idealTree | +-- realize-package-specifier@3.0.3
143 silly idealTree | +-- request@2.75.0
143 silly idealTree | | +-- aws-sign2@0.6.0
143 silly idealTree | | +-- aws4@1.4.1
143 silly idealTree | | +-- bl@1.1.2
143 silly idealTree | | | `-- readable-stream@2.0.6
143 silly idealTree | | |   +-- core-util-is@1.0.2
143 silly idealTree | | |   +-- isarray@1.0.0
143 silly idealTree | | |   +-- process-nextick-args@1.0.7
143 silly idealTree | | |   +-- string_decoder@0.10.31
143 silly idealTree | | |   `-- util-deprecate@1.0.2
143 silly idealTree | | +-- caseless@0.11.0
143 silly idealTree | | +-- combined-stream@1.0.5
143 silly idealTree | | | `-- delayed-stream@1.0.0
143 silly idealTree | | +-- extend@3.0.0
143 silly idealTree | | +-- forever-agent@0.6.1
143 silly idealTree | | +-- form-data@2.0.0
143 silly idealTree | | | `-- asynckit@0.4.0
143 silly idealTree | | +-- har-validator@2.0.6
143 silly idealTree | | | +-- chalk@1.1.3
143 silly idealTree | | | | +-- ansi-styles@2.2.1
143 silly idealTree | | | | +-- escape-string-regexp@1.0.5
143 silly idealTree | | | | +-- has-ansi@2.0.0
143 silly idealTree | | | | `-- supports-color@2.0.0
143 silly idealTree | | | +-- commander@2.9.0
143 silly idealTree | | | | `-- graceful-readlink@1.0.1
143 silly idealTree | | | +-- is-my-json-valid@2.15.0
143 silly idealTree | | | | +-- generate-function@2.0.0
143 silly idealTree | | | | +-- generate-object-property@1.2.0
143 silly idealTree | | | | | `-- is-property@1.0.2
143 silly idealTree | | | | +-- jsonpointer@4.0.0
143 silly idealTree | | | | `-- xtend@4.0.1
143 silly idealTree | | | `-- pinkie-promise@2.0.1
143 silly idealTree | | |   `-- pinkie@2.0.4
143 silly idealTree | | +-- hawk@3.1.3
143 silly idealTree | | | +-- boom@2.10.1
143 silly idealTree | | | +-- cryptiles@2.0.5
143 silly idealTree | | | +-- hoek@2.16.3
143 silly idealTree | | | `-- sntp@1.0.9
143 silly idealTree | | +-- http-signature@1.1.1
143 silly idealTree | | | +-- assert-plus@0.2.0
143 silly idealTree | | | +-- jsprim@1.3.1
143 silly idealTree | | | | +-- extsprintf@1.0.2
143 silly idealTree | | | | +-- json-schema@0.2.3
143 silly idealTree | | | | `-- verror@1.3.6
143 silly idealTree | | | `-- sshpk@1.10.1
143 silly idealTree | | |   +-- asn1@0.2.3
143 silly idealTree | | |   +-- assert-plus@1.0.0
143 silly idealTree | | |   +-- bcrypt-pbkdf@1.0.0
143 silly idealTree | | |   +-- dashdash@1.14.0
143 silly idealTree | | |   +-- ecc-jsbn@0.1.1
143 silly idealTree | | |   +-- getpass@0.1.6
143 silly idealTree | | |   +-- jodid25519@1.0.2
143 silly idealTree | | |   +-- jsbn@0.1.0
143 silly idealTree | | |   `-- tweetnacl@0.14.3
143 silly idealTree | | +-- is-typedarray@1.0.0
143 silly idealTree | | +-- isstream@0.1.2
143 silly idealTree | | +-- json-stringify-safe@5.0.1
143 silly idealTree | | +-- mime-types@2.1.12
143 silly idealTree | | | `-- mime-db@1.24.0
143 silly idealTree | | +-- node-uuid@1.4.7
143 silly idealTree | | +-- oauth-sign@0.8.2
143 silly idealTree | | +-- qs@6.2.1
143 silly idealTree | | +-- stringstream@0.0.5
143 silly idealTree | | +-- tough-cookie@2.3.1
143 silly idealTree | | `-- tunnel-agent@0.4.3
143 silly idealTree | +-- retry@0.10.0
143 silly idealTree | +-- rimraf@2.5.4
143 silly idealTree | +-- semver@5.3.0
143 silly idealTree | +-- sha@2.0.1
143 silly idealTree | +-- slide@1.1.6
143 silly idealTree | +-- sorted-object@2.0.1
143 silly idealTree | +-- strip-ansi@3.0.1
143 silly idealTree | +-- tar@2.2.1
143 silly idealTree | | `-- block-stream@0.0.8
143 silly idealTree | +-- text-table@0.2.0
143 silly idealTree | +-- uid-number@0.0.6
143 silly idealTree | +-- umask@1.1.0
143 silly idealTree | +-- unique-filename@1.1.0
143 silly idealTree | | `-- unique-slug@2.0.0
143 silly idealTree | +-- unpipe@1.0.0
143 silly idealTree | +-- validate-npm-package-license@3.0.1
143 silly idealTree | | +-- spdx-correct@1.0.2
143 silly idealTree | | | `-- spdx-license-ids@1.2.0
143 silly idealTree | | `-- spdx-expression-parse@1.0.2
143 silly idealTree | |   +-- spdx-exceptions@1.0.4
143 silly idealTree | |   `-- spdx-license-ids@1.2.0
143 silly idealTree | +-- validate-npm-package-name@2.2.2
143 silly idealTree | | `-- builtins@0.0.7
143 silly idealTree | +-- which@1.2.11
143 silly idealTree | | `-- isexe@1.1.2
143 silly idealTree | +-- wrappy@1.0.2
143 silly idealTree | `-- write-file-atomic@1.2.0
143 silly idealTree +-- number-is-nan@1.0.1
143 silly idealTree +-- on-finished@2.3.0
143 silly idealTree +-- parseurl@1.3.1
143 silly idealTree +-- path-to-regexp@0.1.7
143 silly idealTree +-- path@0.12.7
143 silly idealTree | +-- inherits@2.0.1
143 silly idealTree | +-- process@0.11.9
143 silly idealTree | `-- util@0.10.3
143 silly idealTree +-- ping@0.2.2
143 silly idealTree | +-- q@1.4.1
143 silly idealTree | `-- underscore@1.8.3
143 silly idealTree +-- proxy-addr@1.1.3
143 silly idealTree +-- qs@6.4.0
143 silly idealTree +-- range-parser@1.2.0
143 silly idealTree +-- raw-body@2.2.0
143 silly idealTree +-- raw-socket@1.5.1
143 silly idealTree +-- send@0.15.1
143 silly idealTree +-- serve-static@1.12.1
143 silly idealTree +-- setprototypeof@1.0.3
143 silly idealTree +-- statuses@1.3.1
143 silly idealTree +-- type-is@1.6.14
143 silly idealTree +-- unpipe@1.0.0
143 silly idealTree +-- utils-merge@1.0.0
143 silly idealTree `-- vary@1.1.0
144 silly generateActionsToTake Starting
145 silly install generateActionsToTake
146 silly generateActionsToTake Finishing
147 silly diffTrees action count 3
148 silly diffTrees add nan@2.3.5
149 silly diffTrees add raw-socket@1.5.1
150 silly diffTrees add net-ping@1.2.0
151 silly decomposeActions action count 24
152 silly decomposeActions fetch nan@2.3.5
153 silly decomposeActions extract nan@2.3.5
154 silly decomposeActions test nan@2.3.5
155 silly decomposeActions preinstall nan@2.3.5
156 silly decomposeActions build nan@2.3.5
157 silly decomposeActions install nan@2.3.5
158 silly decomposeActions postinstall nan@2.3.5
159 silly decomposeActions finalize nan@2.3.5
160 silly decomposeActions fetch raw-socket@1.5.1
161 silly decomposeActions extract raw-socket@1.5.1
162 silly decomposeActions test raw-socket@1.5.1
163 silly decomposeActions preinstall raw-socket@1.5.1
164 silly decomposeActions build raw-socket@1.5.1
165 silly decomposeActions install raw-socket@1.5.1
166 silly decomposeActions postinstall raw-socket@1.5.1
167 silly decomposeActions finalize raw-socket@1.5.1
168 silly decomposeActions fetch net-ping@1.2.0
169 silly decomposeActions extract net-ping@1.2.0
170 silly decomposeActions test net-ping@1.2.0
171 silly decomposeActions preinstall net-ping@1.2.0
172 silly decomposeActions build net-ping@1.2.0
173 silly decomposeActions install net-ping@1.2.0
174 silly decomposeActions postinstall net-ping@1.2.0
175 silly decomposeActions finalize net-ping@1.2.0
176 silly runTopLevelLifecycles Starting
177 silly executeActions Starting
178 silly install executeActions
179 silly doSerial global-install 0
180 silly doParallel fetch 3
181 verbose correctMkdir C:\Users\Raj\AppData\Roaming\npm-cache\_locks correctMkdir not in flight; initializing
182 verbose lock using C:\Users\Raj\AppData\Roaming\npm-cache\_locks\staging-5553907fef2670e0.lock for C:\Users\Raj\Desktop\FIHWorkSpace\VSnodejs\VSnodejs\node_modules\.staging
183 silly doParallel extract 3
184 silly extract nan@2.3.5
185 silly extract raw-socket@1.5.1
186 silly extract net-ping@1.2.0
187 verbose unbuild node_modules\.staging\nan-976620ad
188 verbose unbuild node_modules\.staging\raw-socket-755d44b3
189 verbose unbuild node_modules\.staging\net-ping-92d77331
190 silly gentlyRm C:\Users\Raj\Desktop\FIHWorkSpace\VSnodejs\VSnodejs\node_modules\.staging\raw-socket-755d44b3 is being purged from base C:\Users\Raj\Desktop\FIHWorkSpace\VSnodejs\VSnodejs
191 verbose gentlyRm don't care about contents; nuking C:\Users\Raj\Desktop\FIHWorkSpace\VSnodejs\VSnodejs\node_modules\.staging\raw-socket-755d44b3
192 silly gentlyRm C:\Users\Raj\Desktop\FIHWorkSpace\VSnodejs\VSnodejs\node_modules\.staging\nan-976620ad is being purged from base C:\Users\Raj\Desktop\FIHWorkSpace\VSnodejs\VSnodejs
193 verbose gentlyRm don't care about contents; nuking C:\Users\Raj\Desktop\FIHWorkSpace\VSnodejs\VSnodejs\node_modules\.staging\nan-976620ad
194 silly gentlyRm C:\Users\Raj\Desktop\FIHWorkSpace\VSnodejs\VSnodejs\node_modules\.staging\net-ping-92d77331 is being purged from base C:\Users\Raj\Desktop\FIHWorkSpace\VSnodejs\VSnodejs
195 verbose gentlyRm don't care about contents; nuking C:\Users\Raj\Desktop\FIHWorkSpace\VSnodejs\VSnodejs\node_modules\.staging\net-ping-92d77331
196 verbose tar unpack C:\Users\Raj\AppData\Roaming\npm-cache\raw-socket\1.5.1\package.tgz
197 verbose tar unpacking to C:\Users\Raj\Desktop\FIHWorkSpace\VSnodejs\VSnodejs\node_modules\.staging\raw-socket-755d44b3
198 silly gentlyRm C:\Users\Raj\Desktop\FIHWorkSpace\VSnodejs\VSnodejs\node_modules\.staging\raw-socket-755d44b3 is being purged
199 verbose gentlyRm don't care about contents; nuking C:\Users\Raj\Desktop\FIHWorkSpace\VSnodejs\VSnodejs\node_modules\.staging\raw-socket-755d44b3
200 verbose tar unpack C:\Users\Raj\AppData\Roaming\npm-cache\nan\2.3.5\package.tgz
201 verbose tar unpacking to C:\Users\Raj\Desktop\FIHWorkSpace\VSnodejs\VSnodejs\node_modules\.staging\nan-976620ad
202 silly gentlyRm C:\Users\Raj\Desktop\FIHWorkSpace\VSnodejs\VSnodejs\node_modules\.staging\nan-976620ad is being purged
203 verbose gentlyRm don't care about contents; nuking C:\Users\Raj\Desktop\FIHWorkSpace\VSnodejs\VSnodejs\node_modules\.staging\nan-976620ad
204 verbose tar unpack C:\Users\Raj\AppData\Roaming\npm-cache\net-ping\1.2.0\package.tgz
205 verbose tar unpacking to C:\Users\Raj\Desktop\FIHWorkSpace\VSnodejs\VSnodejs\node_modules\.staging\net-ping-92d77331
206 silly gentlyRm C:\Users\Raj\Desktop\FIHWorkSpace\VSnodejs\VSnodejs\node_modules\.staging\net-ping-92d77331 is being purged
207 verbose gentlyRm don't care about contents; nuking C:\Users\Raj\Desktop\FIHWorkSpace\VSnodejs\VSnodejs\node_modules\.staging\net-ping-92d77331
208 silly gunzTarPerm modes [ '777', '666' ]
209 silly gunzTarPerm modes [ '777', '666' ]
210 silly gunzTarPerm modes [ '777', '666' ]
211 silly gunzTarPerm extractEntry package.json
212 silly gunzTarPerm modified mode [ 'package.json', 436, 438 ]
213 silly gunzTarPerm extractEntry package.json
214 silly gunzTarPerm modified mode [ 'package.json', 436, 438 ]
215 silly gunzTarPerm extractEntry package.json
216 silly gunzTarPerm extractEntry .npmignore
217 silly gunzTarPerm modified mode [ '.npmignore', 436, 438 ]
218 silly gunzTarPerm extractEntry README.md
219 silly gunzTarPerm modified mode [ 'README.md', 436, 438 ]
220 silly gunzTarPerm extractEntry README.md
221 silly gunzTarPerm modified mode [ 'README.md', 436, 438 ]
222 silly gunzTarPerm extractEntry .npmignore
223 silly gunzTarPerm extractEntry README.md
224 silly gunzTarPerm extractEntry include_dirs.js
225 silly gunzTarPerm modified mode [ 'include_dirs.js', 436, 438 ]
226 silly gunzTarPerm extractEntry index.js
227 silly gunzTarPerm modified mode [ 'index.js', 436, 438 ]
228 silly gunzTarPerm extractEntry index.js
229 silly gunzTarPerm extractEntry nan_converters.h
230 silly gunzTarPerm modified mode [ 'nan_converters.h', 436, 438 ]
231 silly gunzTarPerm extractEntry LICENSE.md
232 silly gunzTarPerm modified mode [ 'LICENSE.md', 436, 438 ]
233 silly gunzTarPerm extractEntry doc/node_misc.md
234 silly gunzTarPerm modified mode [ 'doc/node_misc.md', 436, 438 ]
235 silly gunzTarPerm extractEntry doc/asyncworker.md
236 silly gunzTarPerm modified mode [ 'doc/asyncworker.md', 436, 438 ]
237 silly gunzTarPerm extractEntry example/ping-packet-size.js
238 silly gunzTarPerm extractEntry example/ping-response-time.js
239 silly gunzTarPerm extractEntry example/ping-retries-0.js
240 silly gunzTarPerm extractEntry binding.gyp
241 silly gunzTarPerm modified mode [ 'binding.gyp', 436, 438 ]
242 silly gunzTarPerm extractEntry example/create-checksum.js
243 silly gunzTarPerm modified mode [ 'example/create-checksum.js', 436, 438 ]
244 silly gunzTarPerm extractEntry example/htonl.js
245 silly gunzTarPerm modified mode [ 'example/htonl.js', 436, 438 ]
246 silly gunzTarPerm extractEntry doc/callback.md
247 silly gunzTarPerm modified mode [ 'doc/callback.md', 436, 438 ]
248 silly gunzTarPerm extractEntry doc/converters.md
249 silly gunzTarPerm modified mode [ 'doc/converters.md', 436, 438 ]
250 silly gunzTarPerm extractEntry example/htons.js
251 silly gunzTarPerm modified mode [ 'example/htons.js', 436, 438 ]
252 silly gunzTarPerm extractEntry example/ping-ttl.js
253 silly gunzTarPerm extractEntry doc/errors.md
254 silly gunzTarPerm modified mode [ 'doc/errors.md', 436, 438 ]
255 silly gunzTarPerm extractEntry doc/maybe_types.md
256 silly gunzTarPerm modified mode [ 'doc/maybe_types.md', 436, 438 ]
257 silly gunzTarPerm extractEntry example/ntohl.js
258 silly gunzTarPerm modified mode [ 'example/ntohl.js', 436, 438 ]
259 silly gunzTarPerm extractEntry example/get-option.js
260 silly gunzTarPerm modified mode [ 'example/get-option.js', 436, 438 ]
261 silly gunzTarPerm extractEntry example/ping.js
262 silly gunzTarPerm extractEntry example/ping6-ttl.js
263 silly gunzTarPerm extractEntry doc/methods.md
264 silly gunzTarPerm modified mode [ 'doc/methods.md', 436, 438 ]
265 silly gunzTarPerm extractEntry doc/new.md
266 silly gunzTarPerm modified mode [ 'doc/new.md', 436, 438 ]
267 silly gunzTarPerm extractEntry example/ping-no-ip-header.js
268 silly gunzTarPerm modified mode [ 'example/ping-no-ip-header.js', 436, 438 ]
269 silly gunzTarPerm extractEntry example/ping-set-option-ip-ttl.js
270 silly gunzTarPerm modified mode [ 'example/ping-set-option-ip-ttl.js', 436, 438 ]
271 silly gunzTarPerm extractEntry example/ping6.js
272 silly gunzTarPerm extractEntry example/trace-route-max-hop-timeouts.js
273 silly gunzTarPerm extractEntry doc/buffers.md
274 silly gunzTarPerm modified mode [ 'doc/buffers.md', 436, 438 ]
275 silly gunzTarPerm extractEntry doc/object_wrappers.md
276 silly gunzTarPerm modified mode [ 'doc/object_wrappers.md', 436, 438 ]
277 silly gunzTarPerm extractEntry example/ping.js
278 silly gunzTarPerm modified mode [ 'example/ping.js', 436, 438 ]
279 silly gunzTarPerm extractEntry example/ping6-no-ip-header.js
280 silly gunzTarPerm modified mode [ 'example/ping6-no-ip-header.js', 436, 438 ]
281 silly gunzTarPerm extractEntry example/trace-route-start-ttl.js
282 silly gunzTarPerm extractEntry example/trace-route.js
283 silly gunzTarPerm extractEntry example/ping6.js
284 silly gunzTarPerm modified mode [ 'example/ping6.js', 436, 438 ]
285 silly gunzTarPerm extractEntry example/ntohs.js
286 silly gunzTarPerm modified mode [ 'example/ntohs.js', 436, 438 ]
287 silly gunzTarPerm extractEntry doc/persistent.md
288 silly gunzTarPerm modified mode [ 'doc/persistent.md', 436, 438 ]
289 silly gunzTarPerm extractEntry doc/scopes.md
290 silly gunzTarPerm modified mode [ 'doc/scopes.md', 436, 438 ]
291 silly gunzTarPerm extractEntry src/raw.cc
292 silly gunzTarPerm modified mode [ 'src/raw.cc', 436, 438 ]
293 silly gunzTarPerm extractEntry src/raw.h
294 silly gunzTarPerm modified mode [ 'src/raw.h', 436, 438 ]
295 silly gunzTarPerm extractEntry doc/script.md
296 silly gunzTarPerm modified mode [ 'doc/script.md', 436, 438 ]
297 silly gunzTarPerm extractEntry doc/string_bytes.md
298 silly gunzTarPerm modified mode [ 'doc/string_bytes.md', 436, 438 ]
299 silly gunzTarPerm extractEntry doc/v8_internals.md
300 silly gunzTarPerm modified mode [ 'doc/v8_internals.md', 436, 438 ]
301 silly gunzTarPerm extractEntry doc/v8_misc.md
302 silly gunzTarPerm modified mode [ 'doc/v8_misc.md', 436, 438 ]
303 silly gunzTarPerm extractEntry nan.h
304 silly gunzTarPerm modified mode [ 'nan.h', 436, 438 ]
305 silly gunzTarPerm extractEntry nan_callbacks.h
306 silly gunzTarPerm modified mode [ 'nan_callbacks.h', 436, 438 ]
307 silly gunzTarPerm extractEntry nan_callbacks_12_inl.h
308 silly gunzTarPerm modified mode [ 'nan_callbacks_12_inl.h', 436, 438 ]
309 silly gunzTarPerm extractEntry nan_callbacks_pre_12_inl.h
310 silly gunzTarPerm modified mode [ 'nan_callbacks_pre_12_inl.h', 436, 438 ]
311 silly gunzTarPerm extractEntry nan_converters_43_inl.h
312 silly gunzTarPerm modified mode [ 'nan_converters_43_inl.h', 436, 438 ]
313 silly gunzTarPerm extractEntry nan_converters_pre_43_inl.h
314 silly gunzTarPerm modified mode [ 'nan_converters_pre_43_inl.h', 436, 438 ]
315 silly gunzTarPerm extractEntry nan_implementation_12_inl.h
316 silly gunzTarPerm modified mode [ 'nan_implementation_12_inl.h', 436, 438 ]
317 silly gunzTarPerm extractEntry nan_implementation_pre_12_inl.h
318 silly gunzTarPerm modified mode [ 'nan_implementation_pre_12_inl.h', 436, 438 ]
319 silly gunzTarPerm extractEntry nan_maybe_43_inl.h
320 silly gunzTarPerm modified mode [ 'nan_maybe_43_inl.h', 436, 438 ]
321 silly gunzTarPerm extractEntry nan_maybe_pre_43_inl.h
322 silly gunzTarPerm modified mode [ 'nan_maybe_pre_43_inl.h', 436, 438 ]
323 silly gunzTarPerm extractEntry nan_new.h
324 silly gunzTarPerm modified mode [ 'nan_new.h', 436, 438 ]
325 silly gunzTarPerm extractEntry nan_object_wrap.h
326 silly gunzTarPerm modified mode [ 'nan_object_wrap.h', 436, 438 ]
327 silly gunzTarPerm extractEntry nan_persistent_12_inl.h
328 silly gunzTarPerm modified mode [ 'nan_persistent_12_inl.h', 436, 438 ]
329 silly gunzTarPerm extractEntry nan_persistent_pre_12_inl.h
330 silly gunzTarPerm modified mode [ 'nan_persistent_pre_12_inl.h', 436, 438 ]
331 silly gunzTarPerm extractEntry nan_string_bytes.h
332 silly gunzTarPerm modified mode [ 'nan_string_bytes.h', 436, 438 ]
333 silly gunzTarPerm extractEntry nan_typedarray_contents.h
334 silly gunzTarPerm modified mode [ 'nan_typedarray_contents.h', 436, 438 ]
335 silly gunzTarPerm extractEntry nan_weak.h
336 silly gunzTarPerm modified mode [ 'nan_weak.h', 436, 438 ]
337 silly gunzTarPerm extractEntry CHANGELOG.md
338 silly gunzTarPerm modified mode [ 'CHANGELOG.md', 436, 438 ]
339 silly gunzTarPerm extractEntry tools/package.json
340 silly gunzTarPerm modified mode [ 'tools/package.json', 436, 438 ]
341 silly gunzTarPerm extractEntry tools/README.md
342 silly gunzTarPerm modified mode [ 'tools/README.md', 436, 438 ]
343 silly gunzTarPerm extractEntry tools/1to2.js
344 silly gunzTarPerm modified mode [ 'tools/1to2.js', 509, 511 ]
345 silly gentlyRm C:\Users\Raj\Desktop\FIHWorkSpace\VSnodejs\VSnodejs\node_modules\.staging\net-ping-92d77331\node_modules is being purged
346 verbose gentlyRm don't care about contents; nuking C:\Users\Raj\Desktop\FIHWorkSpace\VSnodejs\VSnodejs\node_modules\.staging\net-ping-92d77331\node_modules
347 silly gentlyRm C:\Users\Raj\Desktop\FIHWorkSpace\VSnodejs\VSnodejs\node_modules\.staging\raw-socket-755d44b3\node_modules is being purged
348 verbose gentlyRm don't care about contents; nuking C:\Users\Raj\Desktop\FIHWorkSpace\VSnodejs\VSnodejs\node_modules\.staging\raw-socket-755d44b3\node_modules
349 silly gentlyRm C:\Users\Raj\Desktop\FIHWorkSpace\VSnodejs\VSnodejs\node_modules\.staging\nan-976620ad\node_modules is being purged
350 verbose gentlyRm don't care about contents; nuking C:\Users\Raj\Desktop\FIHWorkSpace\VSnodejs\VSnodejs\node_modules\.staging\nan-976620ad\node_modules
351 silly doParallel preinstall 3
352 silly preinstall nan@2.3.5 C:\Users\Raj\Desktop\FIHWorkSpace\VSnodejs\VSnodejs\node_modules\.staging\nan-976620ad
353 info lifecycle nan@2.3.5~preinstall: nan@2.3.5
354 silly preinstall raw-socket@1.5.1 C:\Users\Raj\Desktop\FIHWorkSpace\VSnodejs\VSnodejs\node_modules\.staging\raw-socket-755d44b3
355 info lifecycle raw-socket@1.5.1~preinstall: raw-socket@1.5.1
356 silly preinstall net-ping@1.2.0 C:\Users\Raj\Desktop\FIHWorkSpace\VSnodejs\VSnodejs\node_modules\.staging\net-ping-92d77331
357 info lifecycle net-ping@1.2.0~preinstall: net-ping@1.2.0
358 silly lifecycle nan@2.3.5~preinstall: no script for preinstall, continuing
359 silly lifecycle raw-socket@1.5.1~preinstall: no script for preinstall, continuing
360 silly lifecycle net-ping@1.2.0~preinstall: no script for preinstall, continuing
361 silly doReverseSerial remove 0
362 silly doSerial move 0
363 silly doSerial finalize 3
364 silly finalize C:\Users\Raj\Desktop\FIHWorkSpace\VSnodejs\VSnodejs\node_modules\nan
365 silly finalize C:\Users\Raj\Desktop\FIHWorkSpace\VSnodejs\VSnodejs\node_modules\raw-socket
366 silly finalize C:\Users\Raj\Desktop\FIHWorkSpace\VSnodejs\VSnodejs\node_modules\net-ping
367 silly doSerial build 3
368 silly build nan@2.3.5
369 info linkStuff nan@2.3.5
370 silly linkStuff nan@2.3.5 has C:\Users\Raj\Desktop\FIHWorkSpace\VSnodejs\VSnodejs\node_modules as its parent node_modules
371 verbose linkBins nan@2.3.5
372 verbose linkMans nan@2.3.5
373 silly build raw-socket@1.5.1
374 info linkStuff raw-socket@1.5.1
375 silly linkStuff raw-socket@1.5.1 has C:\Users\Raj\Desktop\FIHWorkSpace\VSnodejs\VSnodejs\node_modules as its parent node_modules
376 verbose linkBins raw-socket@1.5.1
377 verbose linkMans raw-socket@1.5.1
378 silly build net-ping@1.2.0
379 info linkStuff net-ping@1.2.0
380 silly linkStuff net-ping@1.2.0 has C:\Users\Raj\Desktop\FIHWorkSpace\VSnodejs\VSnodejs\node_modules as its parent node_modules
381 verbose linkBins net-ping@1.2.0
382 verbose linkMans net-ping@1.2.0
383 silly doSerial global-link 0
384 silly doParallel update-linked 0
385 silly doSerial install 3
386 silly install nan@2.3.5 C:\Users\Raj\Desktop\FIHWorkSpace\VSnodejs\VSnodejs\node_modules\.staging\nan-976620ad
387 info lifecycle nan@2.3.5~install: nan@2.3.5
388 silly lifecycle nan@2.3.5~install: no script for install, continuing
389 silly install raw-socket@1.5.1 C:\Users\Raj\Desktop\FIHWorkSpace\VSnodejs\VSnodejs\node_modules\.staging\raw-socket-755d44b3
390 info lifecycle raw-socket@1.5.1~install: raw-socket@1.5.1
391 verbose lifecycle raw-socket@1.5.1~install: unsafe-perm in lifecycle true
392 verbose lifecycle raw-socket@1.5.1~install: PATH: C:\Program Files\nodejs\node_modules\npm\bin\node-gyp-bin;C:\Users\Raj\Desktop\FIHWorkSpace\VSnodejs\VSnodejs\node_modules\raw-socket\node_modules\.bin;C:\Users\Raj\Desktop\FIHWorkSpace\VSnodejs\VSnodejs\node_modules\.bin;C:\ProgramData\Oracle\Java\javapath;C:\Program Files (x86)\Intel\iCLS Client\;C:\Program Files\Intel\iCLS Client\;C:\WINDOWS\system32;C:\WINDOWS;C:\WINDOWS\System32\Wbem;C:\WINDOWS\System32\WindowsPowerShell\v1.0\;c:\Program Files (x86)\ATI Technologies\ATI.ACE\Core-Static;C:\Program Files (x86)\Intel\Intel(R) Management Engine Components\DAL;C:\Program Files\Intel\Intel(R) Management Engine Components\DAL;C:\Program Files (x86)\Intel\Intel(R) Management Engine Components\IPT;C:\Program Files\Intel\Intel(R) Management Engine Components\IPT;C:\Program Files\Intel\WiFi\bin\;C:\Program Files\Common Files\Intel\WirelessCommon\;C:\Program Files (x86)\Sennheiser\SoftphoneSDK\;C:\Program Files\Microsoft SQL Server\110\Tools\Binn\;C:\Program Files\nodejs\;C:\Program Files (x86)\Windows Kits\10\Windows Performance Toolkit\;C:\Program Files\Git\cmd;C:\Users\Raj\AppData\Local\Microsoft\WindowsApps;
393 verbose lifecycle raw-socket@1.5.1~install: CWD: C:\Users\Raj\Desktop\FIHWorkSpace\VSnodejs\VSnodejs\node_modules\raw-socket
394 silly lifecycle raw-socket@1.5.1~install: Args: [ '/d /s /c', 'node-gyp rebuild' ]
395 silly lifecycle raw-socket@1.5.1~install: Returned: code: 1  signal: null
396 info lifecycle raw-socket@1.5.1~install: Failed to exec install script
397 verbose unlock done using C:\Users\Raj\AppData\Roaming\npm-cache\_locks\staging-5553907fef2670e0.lock for C:\Users\Raj\Desktop\FIHWorkSpace\VSnodejs\VSnodejs\node_modules\.staging
398 silly rollbackFailedOptional Starting
399 silly rollbackFailedOptional Finishing
400 silly runTopLevelLifecycles Finishing
401 silly install printInstalled
402 warn vsnodejs@0.0.0 No repository field.
403 verbose If you need help, you may report this error at:
403 verbose     <https://github.com/npm/npm/issues>
404 verbose stack Error: raw-socket@1.5.1 install: `node-gyp rebuild`
404 verbose stack Exit status 1
404 verbose stack     at EventEmitter.<anonymous> (C:\Program Files\nodejs\node_modules\npm\lib\utils\lifecycle.js:255:16)
404 verbose stack     at emitTwo (events.js:106:13)
404 verbose stack     at EventEmitter.emit (events.js:191:7)
404 verbose stack     at ChildProcess.<anonymous> (C:\Program Files\nodejs\node_modules\npm\lib\utils\spawn.js:40:14)
404 verbose stack     at emitTwo (events.js:106:13)
404 verbose stack     at ChildProcess.emit (events.js:191:7)
404 verbose stack     at maybeClose (internal/child_process.js:877:16)
404 verbose stack     at Process.ChildProcess._handle.onexit (internal/child_process.js:226:5)
405 verbose pkgid raw-socket@1.5.1
406 verbose cwd C:\Users\Raj\Desktop\FIHWorkSpace\VSnodejs\VSnodejs
407 error Windows_NT 10.0.14393
408 error argv "C:\\Program Files\\nodejs\\node.exe" "C:\\Program Files\\nodejs\\node_modules\\npm\\bin\\npm-cli.js" "install" "-SAVE" "net-ping"
409 error node v6.10.0
410 error npm  v3.10.10
411 error code ELIFECYCLE
412 error raw-socket@1.5.1 install: `node-gyp rebuild`
412 error Exit status 1
413 error Failed at the raw-socket@1.5.1 install script 'node-gyp rebuild'.
413 error Make sure you have the latest version of node.js and npm installed.
413 error If you do, this is most likely a problem with the raw-socket package,
413 error not with npm itself.
413 error Tell the author that this fails on your system:
413 error     node-gyp rebuild
413 error You can get information on how to open an issue for this project with:
413 error     npm bugs raw-socket
413 error Or if that isn't available, you can get their info via:
413 error     npm owner ls raw-socket
413 error There is likely additional logging output above.
414 verbose exit [ 1, true ]
